0 info it worked if it ends with ok
1 verbose cli [ '/usr/local/bin/node',
1 verbose cli   '/usr/local/lib/node_modules/cnpm/node_modules/.bin/npm',
1 verbose cli   '--userconfig=/Users/pg/.cnpmrc',
1 verbose cli   '--disturl=https://npm.taobao.org/mirrors/node',
1 verbose cli   '--registry=https://registry.npm.taobao.org',
1 verbose cli   'start' ]
2 info using npm@3.9.0
3 info using node@v4.3.1
4 verbose run-script [ 'prestart', 'start', 'poststart' ]
5 info lifecycle giture@0.0.0~prestart: giture@0.0.0
6 silly lifecycle giture@0.0.0~prestart: no script for prestart, continuing
7 info lifecycle giture@0.0.0~start: giture@0.0.0
8 verbose lifecycle giture@0.0.0~start: unsafe-perm in lifecycle true
9 verbose lifecycle giture@0.0.0~start: PATH: /usr/local/lib/node_modules/cnpm/node_modules/npm/bin/node-gyp-bin:/Users/pg/Desktop/giture/giture/node_modules/.bin:/usr/local/bin:/Library/Frameworks/Python.framework/Versions/3.5/bin:/usr/local/bin:/usr/bin:/bin:/usr/sbin:/sbin:/Library/gradle-2-2.10/bin:/usr/local/mysql/bin:/usr/local/bin:/Library/apache-ant-1.9.7/bin:/Library/apache-maven-3.3.9/bin
10 verbose lifecycle giture@0.0.0~start: CWD: /Users/pg/Desktop/giture/giture
11 silly lifecycle giture@0.0.0~start: Args: [ '-c', 'node ./bin/www' ]
12 silly lifecycle giture@0.0.0~start: Returned: code: 1  signal: null
13 info lifecycle giture@0.0.0~start: Failed to exec start script
14 verbose stack Error: giture@0.0.0 start: `node ./bin/www`
14 verbose stack Exit status 1
14 verbose stack     at EventEmitter.<anonymous> (/usr/local/lib/node_modules/cnpm/node_modules/npm/lib/utils/lifecycle.js:245:16)
14 verbose stack     at emitTwo (events.js:87:13)
14 verbose stack     at EventEmitter.emit (events.js:172:7)
14 verbose stack     at ChildProcess.<anonymous> (/usr/local/lib/node_modules/cnpm/node_modules/npm/lib/utils/spawn.js:24:14)
14 verbose stack     at emitTwo (events.js:87:13)
14 verbose stack     at ChildProcess.emit (events.js:172:7)
14 verbose stack     at maybeClose (internal/child_process.js:821:16)
14 verbose stack     at Process.ChildProcess._handle.onexit (internal/child_process.js:211:5)
15 verbose pkgid giture@0.0.0
16 verbose cwd /Users/pg/Desktop/giture/giture
17 error Darwin 15.4.0
18 error argv "/usr/local/bin/node" "/usr/local/lib/node_modules/cnpm/node_modules/.bin/npm" "--userconfig=/Users/pg/.cnpmrc" "--disturl=https://npm.taobao.org/mirrors/node" "--registry=https://registry.npm.taobao.org" "start"
19 error node v4.3.1
20 error npm  v3.9.0
21 error code ELIFECYCLE
22 error giture@0.0.0 start: `node ./bin/www`
22 error Exit status 1
23 error Failed at the giture@0.0.0 start script 'node ./bin/www'.
23 error Make sure you have the latest version of node.js and npm installed.
23 error If you do, this is most likely a problem with the giture package,
23 error not with npm itself.
23 error Tell the author that this fails on your system:
23 error     node ./bin/www
23 error You can get information on how to open an issue for this project with:
23 error     npm bugs giture
23 error Or if that isn't available, you can get their info via:
23 error     npm owner ls giture
23 error There is likely additional logging output above.
24 verbose exit [ 1, true ]
